2025-07-04 11:47:36,964 - INFO - Starting browser
2025-07-04 11:47:36,964 - INFO - ====== WebDriver manager ======
2025-07-04 11:47:37,738 - INFO - Get LATEST chromedriver version for google-chrome
2025-07-04 11:47:37,958 - INFO - Get LATEST chromedriver version for google-chrome
2025-07-04 11:47:38,212 - INFO - Driver [C:\Users\Asus\.wdm\drivers\chromedriver\win64\138.0.7204.92\chromedriver-win32/chromedriver.exe] found in cache
2025-07-04 11:48:07,683 - INFO - Navigated to BestBuy
2025-07-04 11:48:22,988 - ERROR - An error occurred: Message: 
Stacktrace:
	GetHandleVerifier [0x0x414553+62419]
	GetHandleVerifier [0x0x414594+62484]
	(No symbol) [0x0x252133]
	(No symbol) [0x0x29a8fe]
	(No symbol) [0x0x29ac9b]
	(No symbol) [0x0x2e3052]
	(No symbol) [0x0x2bf4b4]
	(No symbol) [0x0x2e087a]
	(No symbol) [0x0x2bf266]
	(No symbol) [0x0x28e852]
	(No symbol) [0x0x28f6f4]
	GetHandleVerifier [0x0x684833+2619059]
	GetHandleVerifier [0x0x67fc4a+2599626]
	GetHandleVerifier [0x0x43b0fa+221050]
	GetHandleVerifier [0x0x42b378+156152]
	GetHandleVerifier [0x0x431d2d+183213]
	GetHandleVerifier [0x0x41c438+94904]
	GetHandleVerifier [0x0x41c5c2+95298]
	GetHandleVerifier [0x0x40771a+9626]
	BaseThreadInitThunk [0x0x766d7ba9+25]
	RtlInitializeExceptionChain [0x0x77d8c36b+107]
	RtlClearBits [0x0x77d8c2ef+191]

2025-07-04 11:51:30,494 - INFO - Starting browser
2025-07-04 11:51:30,494 - INFO - ====== WebDriver manager ======
2025-07-04 11:51:31,251 - INFO - Get LATEST chromedriver version for google-chrome
2025-07-04 11:51:31,412 - INFO - Get LATEST chromedriver version for google-chrome
2025-07-04 11:51:31,616 - INFO - Driver [C:\Users\Asus\.wdm\drivers\chromedriver\win64\138.0.7204.92\chromedriver-win32/chromedriver.exe] found in cache
2025-07-04 11:51:33,604 - INFO - Navigated to BestBuy
2025-07-04 11:51:49,367 - ERROR - An error occurred: Message: 
Stacktrace:
	GetHandleVerifier [0x0x414553+62419]
	GetHandleVerifier [0x0x414594+62484]
	(No symbol) [0x0x252133]
	(No symbol) [0x0x29a8fe]
	(No symbol) [0x0x29ac9b]
	(No symbol) [0x0x2e3052]
	(No symbol) [0x0x2bf4b4]
	(No symbol) [0x0x2e087a]
	(No symbol) [0x0x2bf266]
	(No symbol) [0x0x28e852]
	(No symbol) [0x0x28f6f4]
	GetHandleVerifier [0x0x684833+2619059]
	GetHandleVerifier [0x0x67fc4a+2599626]
	GetHandleVerifier [0x0x43b0fa+221050]
	GetHandleVerifier [0x0x42b378+156152]
	GetHandleVerifier [0x0x431d2d+183213]
	GetHandleVerifier [0x0x41c438+94904]
	GetHandleVerifier [0x0x41c5c2+95298]
	GetHandleVerifier [0x0x40771a+9626]
	BaseThreadInitThunk [0x0x766d7ba9+25]
	RtlInitializeExceptionChain [0x0x77d8c36b+107]
	RtlClearBits [0x0x77d8c2ef+191]
Traceback (most recent call last):
  File "C:\Users\Asus\Documents\Projects\python_case_study\main.py", line 32, in main
    search_bar = wait.until(EC.presence_of_element_located((By.ID, "autocomplete-search-bar")))
                 ^^^^^^^^^^^^^^^^^^^^^^^^^^^^^^^^^^^^^^^^^^^^^^^^^^^^^^^^^^^^^^^^^^^^^^^^^^^^^^
  File "C:\Users\Asus\Documents\Projects\python_case_study\venv\Lib\site-packages\selenium\webdriver\support\wait.py", line 138, in until
    raise TimeoutException(message, screen, stacktrace)
selenium.common.exceptions.TimeoutException: Message: 
Stacktrace:
	GetHandleVerifier [0x0x414553+62419]
	GetHandleVerifier [0x0x414594+62484]
	(No symbol) [0x0x252133]
	(No symbol) [0x0x29a8fe]
	(No symbol) [0x0x29ac9b]
	(No symbol) [0x0x2e3052]
	(No symbol) [0x0x2bf4b4]
	(No symbol) [0x0x2e087a]
	(No symbol) [0x0x2bf266]
	(No symbol) [0x0x28e852]
	(No symbol) [0x0x28f6f4]
	GetHandleVerifier [0x0x684833+2619059]
	GetHandleVerifier [0x0x67fc4a+2599626]
	GetHandleVerifier [0x0x43b0fa+221050]
	GetHandleVerifier [0x0x42b378+156152]
	GetHandleVerifier [0x0x431d2d+183213]
	GetHandleVerifier [0x0x41c438+94904]
	GetHandleVerifier [0x0x41c5c2+95298]
	GetHandleVerifier [0x0x40771a+9626]
	BaseThreadInitThunk [0x0x766d7ba9+25]
	RtlInitializeExceptionChain [0x0x77d8c36b+107]
	RtlClearBits [0x0x77d8c2ef+191]

2025-07-04 11:54:23,368 - INFO - Starting browser
2025-07-04 11:54:23,369 - INFO - ====== WebDriver manager ======
2025-07-04 11:54:24,131 - INFO - Get LATEST chromedriver version for google-chrome
2025-07-04 11:54:24,320 - INFO - Get LATEST chromedriver version for google-chrome
2025-07-04 11:54:24,569 - INFO - Driver [C:\Users\Asus\.wdm\drivers\chromedriver\win64\138.0.7204.92\chromedriver-win32/chromedriver.exe] found in cache
2025-07-04 11:54:25,908 - INFO - Navigated to BestBuy
2025-07-04 11:54:41,631 - ERROR - An error occurred: Message: 
Stacktrace:
	GetHandleVerifier [0x0x414553+62419]
	GetHandleVerifier [0x0x414594+62484]
	(No symbol) [0x0x252133]
	(No symbol) [0x0x29a8fe]
	(No symbol) [0x0x29ac9b]
	(No symbol) [0x0x2e3052]
	(No symbol) [0x0x2bf4b4]
	(No symbol) [0x0x2e087a]
	(No symbol) [0x0x2bf266]
	(No symbol) [0x0x28e852]
	(No symbol) [0x0x28f6f4]
	GetHandleVerifier [0x0x684833+2619059]
	GetHandleVerifier [0x0x67fc4a+2599626]
	GetHandleVerifier [0x0x43b0fa+221050]
	GetHandleVerifier [0x0x42b378+156152]
	GetHandleVerifier [0x0x431d2d+183213]
	GetHandleVerifier [0x0x41c438+94904]
	GetHandleVerifier [0x0x41c5c2+95298]
	GetHandleVerifier [0x0x40771a+9626]
	BaseThreadInitThunk [0x0x766d7ba9+25]
	RtlInitializeExceptionChain [0x0x77d8c36b+107]
	RtlClearBits [0x0x77d8c2ef+191]
Traceback (most recent call last):
  File "C:\Users\Asus\Documents\Projects\python_case_study\main.py", line 32, in main
    search_bar = wait.until(EC.presence_of_element_located((By.ID, "autocomplete-search-bar")))
                 ^^^^^^^^^^^^^^^^^^^^^^^^^^^^^^^^^^^^^^^^^^^^^^^^^^^^^^^^^^^^^^^^^^^^^^^^^^^^^^
  File "C:\Users\Asus\Documents\Projects\python_case_study\venv\Lib\site-packages\selenium\webdriver\support\wait.py", line 138, in until
    raise TimeoutException(message, screen, stacktrace)
selenium.common.exceptions.TimeoutException: Message: 
Stacktrace:
	GetHandleVerifier [0x0x414553+62419]
	GetHandleVerifier [0x0x414594+62484]
	(No symbol) [0x0x252133]
	(No symbol) [0x0x29a8fe]
	(No symbol) [0x0x29ac9b]
	(No symbol) [0x0x2e3052]
	(No symbol) [0x0x2bf4b4]
	(No symbol) [0x0x2e087a]
	(No symbol) [0x0x2bf266]
	(No symbol) [0x0x28e852]
	(No symbol) [0x0x28f6f4]
	GetHandleVerifier [0x0x684833+2619059]
	GetHandleVerifier [0x0x67fc4a+2599626]
	GetHandleVerifier [0x0x43b0fa+221050]
	GetHandleVerifier [0x0x42b378+156152]
	GetHandleVerifier [0x0x431d2d+183213]
	GetHandleVerifier [0x0x41c438+94904]
	GetHandleVerifier [0x0x41c5c2+95298]
	GetHandleVerifier [0x0x40771a+9626]
	BaseThreadInitThunk [0x0x766d7ba9+25]
	RtlInitializeExceptionChain [0x0x77d8c36b+107]
	RtlClearBits [0x0x77d8c2ef+191]

2025-07-04 11:54:59,952 - INFO - Starting browser
2025-07-04 11:54:59,952 - INFO - ====== WebDriver manager ======
2025-07-04 11:55:00,717 - INFO - Get LATEST chromedriver version for google-chrome
2025-07-04 11:55:00,885 - INFO - Get LATEST chromedriver version for google-chrome
2025-07-04 11:55:01,118 - INFO - Driver [C:\Users\Asus\.wdm\drivers\chromedriver\win64\138.0.7204.92\chromedriver-win32/chromedriver.exe] found in cache
2025-07-04 11:55:02,909 - INFO - Navigated to BestBuy
2025-07-04 11:55:18,284 - ERROR - An error occurred: Message: 
Stacktrace:
	GetHandleVerifier [0x0x414553+62419]
	GetHandleVerifier [0x0x414594+62484]
	(No symbol) [0x0x252133]
	(No symbol) [0x0x29a8fe]
	(No symbol) [0x0x29ac9b]
	(No symbol) [0x0x2e3052]
	(No symbol) [0x0x2bf4b4]
	(No symbol) [0x0x2e087a]
	(No symbol) [0x0x2bf266]
	(No symbol) [0x0x28e852]
	(No symbol) [0x0x28f6f4]
	GetHandleVerifier [0x0x684833+2619059]
	GetHandleVerifier [0x0x67fc4a+2599626]
	GetHandleVerifier [0x0x43b0fa+221050]
	GetHandleVerifier [0x0x42b378+156152]
	GetHandleVerifier [0x0x431d2d+183213]
	GetHandleVerifier [0x0x41c438+94904]
	GetHandleVerifier [0x0x41c5c2+95298]
	GetHandleVerifier [0x0x40771a+9626]
	BaseThreadInitThunk [0x0x766d7ba9+25]
	RtlInitializeExceptionChain [0x0x77d8c36b+107]
	RtlClearBits [0x0x77d8c2ef+191]
Traceback (most recent call last):
  File "C:\Users\Asus\Documents\Projects\python_case_study\main.py", line 32, in main
    search_bar = wait.until(EC.presence_of_element_located((By.ID, "autocomplete-search-bar")))
                 ^^^^^^^^^^^^^^^^^^^^^^^^^^^^^^^^^^^^^^^^^^^^^^^^^^^^^^^^^^^^^^^^^^^^^^^^^^^^^^
  File "C:\Users\Asus\Documents\Projects\python_case_study\venv\Lib\site-packages\selenium\webdriver\support\wait.py", line 138, in until
    raise TimeoutException(message, screen, stacktrace)
selenium.common.exceptions.TimeoutException: Message: 
Stacktrace:
	GetHandleVerifier [0x0x414553+62419]
	GetHandleVerifier [0x0x414594+62484]
	(No symbol) [0x0x252133]
	(No symbol) [0x0x29a8fe]
	(No symbol) [0x0x29ac9b]
	(No symbol) [0x0x2e3052]
	(No symbol) [0x0x2bf4b4]
	(No symbol) [0x0x2e087a]
	(No symbol) [0x0x2bf266]
	(No symbol) [0x0x28e852]
	(No symbol) [0x0x28f6f4]
	GetHandleVerifier [0x0x684833+2619059]
	GetHandleVerifier [0x0x67fc4a+2599626]
	GetHandleVerifier [0x0x43b0fa+221050]
	GetHandleVerifier [0x0x42b378+156152]
	GetHandleVerifier [0x0x431d2d+183213]
	GetHandleVerifier [0x0x41c438+94904]
	GetHandleVerifier [0x0x41c5c2+95298]
	GetHandleVerifier [0x0x40771a+9626]
	BaseThreadInitThunk [0x0x766d7ba9+25]
	RtlInitializeExceptionChain [0x0x77d8c36b+107]
	RtlClearBits [0x0x77d8c2ef+191]

2025-07-04 11:59:07,549 - INFO - Starting browser
2025-07-04 11:59:07,549 - INFO - ====== WebDriver manager ======
2025-07-04 11:59:08,306 - INFO - Get LATEST chromedriver version for google-chrome
2025-07-04 11:59:08,469 - INFO - Get LATEST chromedriver version for google-chrome
2025-07-04 11:59:08,676 - INFO - Driver [C:\Users\Asus\.wdm\drivers\chromedriver\win64\138.0.7204.92\chromedriver-win32/chromedriver.exe] found in cache
2025-07-04 11:59:10,469 - INFO - Navigated to BestBuy with no-splash
2025-07-04 11:59:20,563 - INFO - No splash country selection displayed
2025-07-04 11:59:20,692 - INFO - Entered search query: laptop
2025-07-04 11:59:24,820 - INFO - Clicked search button
2025-07-04 11:59:40,443 - ERROR - An error occurred: Message: 
Stacktrace:
	GetHandleVerifier [0x0x414553+62419]
	GetHandleVerifier [0x0x414594+62484]
	(No symbol) [0x0x252133]
	(No symbol) [0x0x29a8fe]
	(No symbol) [0x0x29ac9b]
	(No symbol) [0x0x2e3052]
	(No symbol) [0x0x2bf4b4]
	(No symbol) [0x0x2e087a]
	(No symbol) [0x0x2bf266]
	(No symbol) [0x0x28e852]
	(No symbol) [0x0x28f6f4]
	GetHandleVerifier [0x0x684833+2619059]
	GetHandleVerifier [0x0x67fc4a+2599626]
	GetHandleVerifier [0x0x43b0fa+221050]
	GetHandleVerifier [0x0x42b378+156152]
	GetHandleVerifier [0x0x431d2d+183213]
	GetHandleVerifier [0x0x41c438+94904]
	GetHandleVerifier [0x0x41c5c2+95298]
	GetHandleVerifier [0x0x40771a+9626]
	BaseThreadInitThunk [0x0x766d7ba9+25]
	RtlInitializeExceptionChain [0x0x77d8c36b+107]
	RtlClearBits [0x0x77d8c2ef+191]
Traceback (most recent call last):
  File "C:\Users\Asus\Documents\Projects\python_case_study\main.py", line 63, in main
    wait.until(EC.presence_of_element_located((By.CSS_SELECTOR, ".sku-item")))
  File "C:\Users\Asus\Documents\Projects\python_case_study\venv\Lib\site-packages\selenium\webdriver\support\wait.py", line 138, in until
    raise TimeoutException(message, screen, stacktrace)
selenium.common.exceptions.TimeoutException: Message: 
Stacktrace:
	GetHandleVerifier [0x0x414553+62419]
	GetHandleVerifier [0x0x414594+62484]
	(No symbol) [0x0x252133]
	(No symbol) [0x0x29a8fe]
	(No symbol) [0x0x29ac9b]
	(No symbol) [0x0x2e3052]
	(No symbol) [0x0x2bf4b4]
	(No symbol) [0x0x2e087a]
	(No symbol) [0x0x2bf266]
	(No symbol) [0x0x28e852]
	(No symbol) [0x0x28f6f4]
	GetHandleVerifier [0x0x684833+2619059]
	GetHandleVerifier [0x0x67fc4a+2599626]
	GetHandleVerifier [0x0x43b0fa+221050]
	GetHandleVerifier [0x0x42b378+156152]
	GetHandleVerifier [0x0x431d2d+183213]
	GetHandleVerifier [0x0x41c438+94904]
	GetHandleVerifier [0x0x41c5c2+95298]
	GetHandleVerifier [0x0x40771a+9626]
	BaseThreadInitThunk [0x0x766d7ba9+25]
	RtlInitializeExceptionChain [0x0x77d8c36b+107]
	RtlClearBits [0x0x77d8c2ef+191]

2025-07-04 12:23:07,048 - INFO - Starting browser
2025-07-04 12:23:07,048 - INFO - ====== WebDriver manager ======
2025-07-04 12:23:07,810 - INFO - Get LATEST chromedriver version for google-chrome
2025-07-04 12:23:07,958 - INFO - Get LATEST chromedriver version for google-chrome
2025-07-04 12:23:08,131 - INFO - Driver [C:\Users\Asus\.wdm\drivers\chromedriver\win64\138.0.7204.92\chromedriver-win32/chromedriver.exe] found in cache
2025-07-04 12:23:11,360 - INFO - Navigated to BestBuy with no-splash
2025-07-04 12:23:18,319 - INFO - No country selection shown
2025-07-04 12:23:18,482 - INFO - Entered search query
2025-07-04 12:23:22,094 - INFO - Clicked search button
2025-07-04 12:23:28,367 - INFO - Clicked 'Windows laptops' category
2025-07-04 12:23:32,582 - INFO - Applied price filter: $500_-_$749.99
2025-07-04 12:23:33,796 - INFO - Applied price filter: $750_-_$999.99
2025-07-04 12:23:35,066 - INFO - Applied price filter: $1000_-_$1249.99
2025-07-04 12:23:36,486 - INFO - Applied brand filter: Apple
2025-07-04 12:23:37,497 - WARNING - Couldn't select brand Lenovo: Message: no such element: Unable to locate element: {"method":"css selector","selector":"[id="Lenovo"]"}
  (Session info: chrome=138.0.7204.96); For documentation on this error, please visit: https://www.selenium.dev/documentation/webdriver/troubleshooting/errors#nosuchelementexception
Stacktrace:
	GetHandleVerifier [0x0x414553+62419]
	GetHandleVerifier [0x0x414594+62484]
	(No symbol) [0x0x252133]
	(No symbol) [0x0x29a8fe]
	(No symbol) [0x0x29ac9b]
	(No symbol) [0x0x2e3052]
	(No symbol) [0x0x2bf4b4]
	(No symbol) [0x0x2e087a]
	(No symbol) [0x0x2bf266]
	(No symbol) [0x0x28e852]
	(No symbol) [0x0x28f6f4]
	GetHandleVerifier [0x0x684833+2619059]
	GetHandleVerifier [0x0x67fc4a+2599626]
	GetHandleVerifier [0x0x43b0fa+221050]
	GetHandleVerifier [0x0x42b378+156152]
	GetHandleVerifier [0x0x431d2d+183213]
	GetHandleVerifier [0x0x41c438+94904]
	GetHandleVerifier [0x0x41c5c2+95298]
	GetHandleVerifier [0x0x40771a+9626]
	BaseThreadInitThunk [0x0x766d7ba9+25]
	RtlInitializeExceptionChain [0x0x77d8c36b+107]
	RtlClearBits [0x0x77d8c2ef+191]

2025-07-04 12:23:37,506 - WARNING - Couldn't select brand HP: Message: no such element: Unable to locate element: {"method":"css selector","selector":"[id="HP"]"}
  (Session info: chrome=138.0.7204.96); For documentation on this error, please visit: https://www.selenium.dev/documentation/webdriver/troubleshooting/errors#nosuchelementexception
Stacktrace:
	GetHandleVerifier [0x0x414553+62419]
	GetHandleVerifier [0x0x414594+62484]
	(No symbol) [0x0x252133]
	(No symbol) [0x0x29a8fe]
	(No symbol) [0x0x29ac9b]
	(No symbol) [0x0x2e3052]
	(No symbol) [0x0x2bf4b4]
	(No symbol) [0x0x2e087a]
	(No symbol) [0x0x2bf266]
	(No symbol) [0x0x28e852]
	(No symbol) [0x0x28f6f4]
	GetHandleVerifier [0x0x684833+2619059]
	GetHandleVerifier [0x0x67fc4a+2599626]
	GetHandleVerifier [0x0x43b0fa+221050]
	GetHandleVerifier [0x0x42b378+156152]
	GetHandleVerifier [0x0x431d2d+183213]
	GetHandleVerifier [0x0x41c438+94904]
	GetHandleVerifier [0x0x41c5c2+95298]
	GetHandleVerifier [0x0x40771a+9626]
	BaseThreadInitThunk [0x0x766d7ba9+25]
	RtlInitializeExceptionChain [0x0x77d8c36b+107]
	RtlClearBits [0x0x77d8c2ef+191]

2025-07-04 12:23:37,515 - WARNING - Couldn't apply rating filter: Message: no such element: Unable to locate element: {"method":"css selector","selector":"[id="customer-rating-4_&_Up"]"}
  (Session info: chrome=138.0.7204.96); For documentation on this error, please visit: https://www.selenium.dev/documentation/webdriver/troubleshooting/errors#nosuchelementexception
Stacktrace:
	GetHandleVerifier [0x0x414553+62419]
	GetHandleVerifier [0x0x414594+62484]
	(No symbol) [0x0x252133]
	(No symbol) [0x0x29a8fe]
	(No symbol) [0x0x29ac9b]
	(No symbol) [0x0x2e3052]
	(No symbol) [0x0x2bf4b4]
	(No symbol) [0x0x2e087a]
	(No symbol) [0x0x2bf266]
	(No symbol) [0x0x28e852]
	(No symbol) [0x0x28f6f4]
	GetHandleVerifier [0x0x684833+2619059]
	GetHandleVerifier [0x0x67fc4a+2599626]
	GetHandleVerifier [0x0x43b0fa+221050]
	GetHandleVerifier [0x0x42b378+156152]
	GetHandleVerifier [0x0x431d2d+183213]
	GetHandleVerifier [0x0x41c438+94904]
	GetHandleVerifier [0x0x41c5c2+95298]
	GetHandleVerifier [0x0x40771a+9626]
	BaseThreadInitThunk [0x0x766d7ba9+25]
	RtlInitializeExceptionChain [0x0x77d8c36b+107]
	RtlClearBits [0x0x77d8c2ef+191]

2025-07-04 12:50:10,420 - INFO - Starting browser
2025-07-04 12:50:10,420 - INFO - ====== WebDriver manager ======
2025-07-04 12:50:11,160 - INFO - Get LATEST chromedriver version for google-chrome
2025-07-04 12:50:11,311 - INFO - Get LATEST chromedriver version for google-chrome
2025-07-04 12:50:11,529 - INFO - Driver [C:\Users\Asus\.wdm\drivers\chromedriver\win64\138.0.7204.92\chromedriver-win32/chromedriver.exe] found in cache
2025-07-04 12:50:14,943 - INFO - Navigated to BestBuy with no-splash
2025-07-04 12:50:22,725 - INFO - No country selection shown
2025-07-04 12:50:22,865 - INFO - Entered search query
2025-07-04 12:50:30,052 - INFO - Clicked search button
2025-07-04 12:50:37,256 - INFO - Clicked 'Windows laptops' category
2025-07-04 12:50:41,498 - INFO - Applied price filter: $500_-_$749.99
2025-07-04 12:50:42,781 - INFO - Applied price filter: $750_-_$999.99
2025-07-04 12:50:44,074 - INFO - Applied price filter: $1000_-_$1249.99
2025-07-04 12:50:45,090 - INFO - Applied brand filter: Apple
2025-07-04 12:50:46,260 - INFO - Applied brand filter: Lenovo
2025-07-04 12:50:47,399 - INFO - Applied brand filter: HP
2025-07-04 12:50:48,417 - INFO - Applied rating filter: 4 stars & up
2025-07-04 13:06:13,212 - INFO - Starting browser
2025-07-04 13:06:13,212 - INFO - ====== WebDriver manager ======
2025-07-04 13:06:13,958 - INFO - Get LATEST chromedriver version for google-chrome
2025-07-04 13:06:14,114 - INFO - Get LATEST chromedriver version for google-chrome
2025-07-04 13:06:14,271 - INFO - Driver [C:\Users\Asus\.wdm\drivers\chromedriver\win64\138.0.7204.92\chromedriver-win32/chromedriver.exe] found in cache
2025-07-04 13:06:17,584 - INFO - Navigated to BestBuy with no-splash
2025-07-04 13:06:30,578 - INFO - No country selection shown
2025-07-04 13:06:30,695 - INFO - Entered search query
2025-07-04 13:06:40,164 - INFO - Clicked search button
2025-07-04 13:06:46,197 - INFO - Clicked 'Windows laptops' category
2025-07-04 13:06:50,409 - INFO - Applied price filter: $500_-_$749.99
2025-07-04 13:06:51,632 - INFO - Applied price filter: $750_-_$999.99
2025-07-04 13:06:52,876 - INFO - Applied price filter: $1000_-_$1249.99
2025-07-04 13:06:54,100 - INFO - Applied brand filter: Apple
2025-07-04 13:06:55,110 - WARNING - Couldn't select brand Lenovo: Message: no such element: Unable to locate element: {"method":"css selector","selector":"[id="Lenovo"]"}
  (Session info: chrome=138.0.7204.96); For documentation on this error, please visit: https://www.selenium.dev/documentation/webdriver/troubleshooting/errors#nosuchelementexception
Stacktrace:
	GetHandleVerifier [0x0x414553+62419]
	GetHandleVerifier [0x0x414594+62484]
	(No symbol) [0x0x252133]
	(No symbol) [0x0x29a8fe]
	(No symbol) [0x0x29ac9b]
	(No symbol) [0x0x2e3052]
	(No symbol) [0x0x2bf4b4]
	(No symbol) [0x0x2e087a]
	(No symbol) [0x0x2bf266]
	(No symbol) [0x0x28e852]
	(No symbol) [0x0x28f6f4]
	GetHandleVerifier [0x0x684833+2619059]
	GetHandleVerifier [0x0x67fc4a+2599626]
	GetHandleVerifier [0x0x43b0fa+221050]
	GetHandleVerifier [0x0x42b378+156152]
	GetHandleVerifier [0x0x431d2d+183213]
	GetHandleVerifier [0x0x41c438+94904]
	GetHandleVerifier [0x0x41c5c2+95298]
	GetHandleVerifier [0x0x40771a+9626]
	BaseThreadInitThunk [0x0x766d7ba9+25]
	RtlInitializeExceptionChain [0x0x77d8c36b+107]
	RtlClearBits [0x0x77d8c2ef+191]

2025-07-04 13:06:55,118 - WARNING - Couldn't select brand HP: Message: no such element: Unable to locate element: {"method":"css selector","selector":"[id="HP"]"}
  (Session info: chrome=138.0.7204.96); For documentation on this error, please visit: https://www.selenium.dev/documentation/webdriver/troubleshooting/errors#nosuchelementexception
Stacktrace:
	GetHandleVerifier [0x0x414553+62419]
	GetHandleVerifier [0x0x414594+62484]
	(No symbol) [0x0x252133]
	(No symbol) [0x0x29a8fe]
	(No symbol) [0x0x29ac9b]
	(No symbol) [0x0x2e3052]
	(No symbol) [0x0x2bf4b4]
	(No symbol) [0x0x2e087a]
	(No symbol) [0x0x2bf266]
	(No symbol) [0x0x28e852]
	(No symbol) [0x0x28f6f4]
	GetHandleVerifier [0x0x684833+2619059]
	GetHandleVerifier [0x0x67fc4a+2599626]
	GetHandleVerifier [0x0x43b0fa+221050]
	GetHandleVerifier [0x0x42b378+156152]
	GetHandleVerifier [0x0x431d2d+183213]
	GetHandleVerifier [0x0x41c438+94904]
	GetHandleVerifier [0x0x41c5c2+95298]
	GetHandleVerifier [0x0x40771a+9626]
	BaseThreadInitThunk [0x0x766d7ba9+25]
	RtlInitializeExceptionChain [0x0x77d8c36b+107]
	RtlClearBits [0x0x77d8c2ef+191]

2025-07-04 13:06:55,128 - WARNING - Couldn't apply rating filter: Message: no such element: Unable to locate element: {"method":"css selector","selector":"[id="customer-rating-4_&_Up"]"}
  (Session info: chrome=138.0.7204.96); For documentation on this error, please visit: https://www.selenium.dev/documentation/webdriver/troubleshooting/errors#nosuchelementexception
Stacktrace:
	GetHandleVerifier [0x0x414553+62419]
	GetHandleVerifier [0x0x414594+62484]
	(No symbol) [0x0x252133]
	(No symbol) [0x0x29a8fe]
	(No symbol) [0x0x29ac9b]
	(No symbol) [0x0x2e3052]
	(No symbol) [0x0x2bf4b4]
	(No symbol) [0x0x2e087a]
	(No symbol) [0x0x2bf266]
	(No symbol) [0x0x28e852]
	(No symbol) [0x0x28f6f4]
	GetHandleVerifier [0x0x684833+2619059]
	GetHandleVerifier [0x0x67fc4a+2599626]
	GetHandleVerifier [0x0x43b0fa+221050]
	GetHandleVerifier [0x0x42b378+156152]
	GetHandleVerifier [0x0x431d2d+183213]
	GetHandleVerifier [0x0x41c438+94904]
	GetHandleVerifier [0x0x41c5c2+95298]
	GetHandleVerifier [0x0x40771a+9626]
	BaseThreadInitThunk [0x0x766d7ba9+25]
	RtlInitializeExceptionChain [0x0x77d8c36b+107]
	RtlClearBits [0x0x77d8c2ef+191]

2025-07-04 13:39:05,059 - INFO - Starting browser
2025-07-04 13:39:05,059 - INFO - ====== WebDriver manager ======
2025-07-04 13:39:05,817 - INFO - Get LATEST chromedriver version for google-chrome
2025-07-04 13:39:05,958 - INFO - Get LATEST chromedriver version for google-chrome
2025-07-04 13:39:06,256 - INFO - Driver [C:\Users\Asus\.wdm\drivers\chromedriver\win64\138.0.7204.92\chromedriver-win32/chromedriver.exe] found in cache
2025-07-04 13:39:09,473 - INFO - Navigated to BestBuy
2025-07-04 13:39:17,676 - INFO - No country splash shown
2025-07-04 13:39:17,799 - INFO - Search submitted
2025-07-04 13:39:27,811 - INFO - Clicked 'Windows laptops' chip
2025-07-04 13:39:31,812 - INFO - Applying filters...
2025-07-04 13:39:32,032 - INFO - Applied price filter: $500_-_$749.99
2025-07-04 13:39:33,399 - INFO - Applied price filter: $750_-_$999.99
2025-07-04 13:39:34,594 - INFO - Applied price filter: $1000_-_$1249.99
2025-07-04 13:39:35,661 - INFO - Clicked 'Show all' for brand filters
2025-07-04 13:39:37,974 - INFO - Applied brand filter: Apple
2025-07-04 13:39:39,092 - INFO - Applied brand filter: Lenovo
2025-07-04 13:39:40,275 - INFO - Applied brand filter: HP
2025-07-04 13:39:46,381 - WARNING - Rating filter error: Message: 
Stacktrace:
	GetHandleVerifier [0x0x414553+62419]
	GetHandleVerifier [0x0x414594+62484]
	(No symbol) [0x0x252133]
	(No symbol) [0x0x29a8fe]
	(No symbol) [0x0x29ac9b]
	(No symbol) [0x0x2e3052]
	(No symbol) [0x0x2bf4b4]
	(No symbol) [0x0x2e087a]
	(No symbol) [0x0x2bf266]
	(No symbol) [0x0x28e852]
	(No symbol) [0x0x28f6f4]
	GetHandleVerifier [0x0x684833+2619059]
	GetHandleVerifier [0x0x67fc4a+2599626]
	GetHandleVerifier [0x0x43b0fa+221050]
	GetHandleVerifier [0x0x42b378+156152]
	GetHandleVerifier [0x0x431d2d+183213]
	GetHandleVerifier [0x0x41c438+94904]
	GetHandleVerifier [0x0x41c5c2+95298]
	GetHandleVerifier [0x0x40771a+9626]
	BaseThreadInitThunk [0x0x766d7ba9+25]
	RtlInitializeExceptionChain [0x0x77d8c36b+107]
	RtlClearBits [0x0x77d8c2ef+191]

2025-07-04 13:39:46,381 - INFO - \u2705 All filters applied successfully
2025-07-04 13:39:50,125 - INFO - Browser closed.
2025-07-04 13:41:58,552 - INFO - Starting browser
2025-07-04 13:41:58,552 - INFO - ====== WebDriver manager ======
2025-07-04 13:41:59,306 - INFO - Get LATEST chromedriver version for google-chrome
2025-07-04 13:41:59,541 - INFO - Get LATEST chromedriver version for google-chrome
2025-07-04 13:41:59,780 - INFO - Driver [C:\Users\Asus\.wdm\drivers\chromedriver\win64\138.0.7204.92\chromedriver-win32/chromedriver.exe] found in cache
2025-07-04 13:42:03,022 - INFO - Navigated to BestBuy
2025-07-04 13:42:09,608 - INFO - No country splash shown
2025-07-04 13:42:09,762 - INFO - Search submitted
2025-07-04 13:42:21,533 - INFO - Clicked 'Windows laptops' chip
2025-07-04 13:42:25,534 - INFO - Applying filters...
2025-07-04 13:42:25,742 - INFO - Applied price filter: $500_-_$749.99
2025-07-04 13:42:26,942 - INFO - Applied price filter: $750_-_$999.99
2025-07-04 13:42:28,130 - INFO - Applied price filter: $1000_-_$1249.99
2025-07-04 13:42:29,193 - INFO - Clicked 'Show all' for brand filters
2025-07-04 13:42:31,414 - INFO - Applied brand filter: Apple
2025-07-04 13:42:32,509 - INFO - Applied brand filter: Lenovo
2025-07-04 13:42:33,667 - INFO - Applied brand filter: HP
2025-07-04 13:42:39,952 - WARNING - Rating filter error: Message: 
Stacktrace:
	GetHandleVerifier [0x0x414553+62419]
	GetHandleVerifier [0x0x414594+62484]
	(No symbol) [0x0x252133]
	(No symbol) [0x0x29a8fe]
	(No symbol) [0x0x29ac9b]
	(No symbol) [0x0x2e3052]
	(No symbol) [0x0x2bf4b4]
	(No symbol) [0x0x2e087a]
	(No symbol) [0x0x2bf266]
	(No symbol) [0x0x28e852]
	(No symbol) [0x0x28f6f4]
	GetHandleVerifier [0x0x684833+2619059]
	GetHandleVerifier [0x0x67fc4a+2599626]
	GetHandleVerifier [0x0x43b0fa+221050]
	GetHandleVerifier [0x0x42b378+156152]
	GetHandleVerifier [0x0x431d2d+183213]
	GetHandleVerifier [0x0x41c438+94904]
	GetHandleVerifier [0x0x41c5c2+95298]
	GetHandleVerifier [0x0x40771a+9626]
	BaseThreadInitThunk [0x0x766d7ba9+25]
	RtlInitializeExceptionChain [0x0x77d8c36b+107]
	RtlClearBits [0x0x77d8c2ef+191]

2025-07-04 13:42:39,953 - INFO - \u2705 All filters applied successfully
2025-07-04 13:42:43,546 - INFO - Browser closed.
2025-07-04 13:43:51,145 - INFO - Starting browser
2025-07-04 13:43:51,145 - INFO - ====== WebDriver manager ======
2025-07-04 13:43:51,899 - INFO - Get LATEST chromedriver version for google-chrome
2025-07-04 13:43:52,118 - INFO - Get LATEST chromedriver version for google-chrome
2025-07-04 13:43:52,354 - INFO - Driver [C:\Users\Asus\.wdm\drivers\chromedriver\win64\138.0.7204.92\chromedriver-win32/chromedriver.exe] found in cache
2025-07-04 13:43:55,715 - INFO - Navigated to BestBuy
2025-07-04 13:44:05,509 - INFO - No country splash shown
2025-07-04 13:44:05,631 - INFO - Search submitted
2025-07-04 13:44:21,682 - INFO - Clicked 'Windows laptops' chip
2025-07-04 13:44:25,682 - INFO - Applying filters...
2025-07-04 13:44:25,892 - INFO - Applied price filter: $500_-_$749.99
2025-07-04 13:44:27,197 - INFO - Applied price filter: $750_-_$999.99
2025-07-04 13:44:28,391 - INFO - Applied price filter: $1000_-_$1249.99
2025-07-04 13:44:29,459 - INFO - Clicked 'Show all' for brand filters
2025-07-04 13:44:31,684 - INFO - Applied brand filter: Apple
2025-07-04 13:44:32,774 - INFO - Applied brand filter: Lenovo
2025-07-04 13:44:33,930 - INFO - Applied brand filter: HP
2025-07-04 13:44:34,971 - INFO - Applied rating filter: 4 stars & up
2025-07-04 13:44:35,972 - INFO - \u2705 All filters applied successfully
2025-07-04 13:44:39,706 - INFO - Browser closed.
